c:\users\rohi\source\repos\proyecto 2 final\proyecto 2 final\debug\vc142.pdb
c:\users\rohi\source\repos\proyecto 2 final\proyecto 2 final\debug\vc142.idb
c:\users\rohi\source\repos\proyecto 2 final\proyecto 2 final\debug\proyecto 2 final.obj
c:\users\rohi\source\repos\proyecto 2 final\proyecto 2 final\debug\nodoavl.obj
c:\users\rohi\source\repos\proyecto 2 final\proyecto 2 final\debug\nodoabb.obj
c:\users\rohi\source\repos\proyecto 2 final\proyecto 2 final\debug\arbolbb.obj
c:\users\rohi\source\repos\proyecto 2 final\proyecto 2 final\debug\arbolavl.obj
c:\users\laura\desktop\proyecto 2 final\proyecto 2 final\debug\vc142.pdb
c:\users\laura\desktop\proyecto 2 final\proyecto 2 final\debug\vc142.idb
c:\users\laura\desktop\proyecto 2 final\proyecto 2 final\debug\thepowerfullist.obj
c:\users\laura\desktop\proyecto 2 final\proyecto 2 final\debug\proyecto 2 final.obj
c:\users\laura\desktop\proyecto 2 final\proyecto 2 final\debug\nodoavl.obj
c:\users\laura\desktop\proyecto 2 final\proyecto 2 final\debug\nodoabb.obj
c:\users\laura\desktop\proyecto 2 final\proyecto 2 final\debug\arbolbb.obj
c:\users\laura\desktop\proyecto 2 final\proyecto 2 final\debug\arbolavl.obj
c:\users\laura\desktop\proyecto 2 final\proyecto 2 final\debug\proyecto 2 final.nativecodeanalysis.sarif
c:\users\laura\desktop\proyecto 2 final\proyecto 2 final\debug\proyecto 2 final.nativecodeanalysis.xml
c:\users\rohi\source\repos\proyecto 2 final\debug\proyecto 2 final.exe
c:\users\rohi\source\repos\proyecto 2 final\debug\proyecto 2 final.ilk
c:\users\rohi\source\repos\proyecto 2 final\debug\proyecto 2 final.pdb
c:\users\laura\desktop\proyecto 2 final\debug\proyecto 2 final.ilk
c:\users\laura\desktop\proyecto 2 final\debug\proyecto 2 final.exe
c:\users\laura\desktop\proyecto 2 final\debug\proyecto 2 final.pdb
c:\users\laura\desktop\proyecto 2 final\proyecto 2 final\debug\nativecodeanalysis.read.1.tlog
c:\users\laura\desktop\proyecto 2 final\proyecto 2 final\debug\vc.nativecodeanalysis.all.xml
c:\users\laura\desktop\proyecto 2 final\debug\proyecto 2 final.exe.lastcodeanalysissucceeded
c:\users\laura\desktop\proyecto 2 final\proyecto 2 final\debug\proyecto 2 final.tlog\cl.command.1.tlog
c:\users\laura\desktop\proyecto 2 final\proyecto 2 final\debug\proyecto 2 final.tlog\cl.read.1.tlog
c:\users\laura\desktop\proyecto 2 final\proyecto 2 final\debug\proyecto 2 final.tlog\cl.write.1.tlog
c:\users\laura\desktop\proyecto 2 final\proyecto 2 final\debug\proyecto 2 final.tlog\link.command.1.tlog
c:\users\laura\desktop\proyecto 2 final\proyecto 2 final\debug\proyecto 2 final.tlog\link.read.1.tlog
c:\users\laura\desktop\proyecto 2 final\proyecto 2 final\debug\proyecto 2 final.tlog\link.write.1.tlog
